{"C:\\Users\\migue\\Projects\\encly\\src\\env.ts": {"path":"C:\\Users\\migue\\Projects\\encly\\src\\env.ts","statementMap":{"0":{"start":{"line":1,"column":0},"end":{"line":1,"column":20}},"1":{"start":{"line":2,"column":0},"end":{"line":2,"column":23}},"2":{"start":{"line":4,"column":18},"end":{"line":10,"column":2}},"3":{"start":{"line":12,"column":13},"end":{"line":12,"column":48}}},"fnMap":{},"branchMap":{},"s":{"0":1,"1":1,"2":1,"3":1},"f":{},"b":{}}
,"C:\\Users\\migue\\Projects\\encly\\src\\routes.ts": {"path":"C:\\Users\\migue\\Projects\\encly\\src\\routes.ts","statementMap":{"0":{"start":{"line":2,"column":0},"end":{"line":2,"column":23}},"1":{"start":{"line":3,"column":0},"end":{"line":3,"column":57}},"2":{"start":{"line":4,"column":0},"end":{"line":4,"column":61}},"3":{"start":{"line":5,"column":0},"end":{"line":5,"column":33}},"4":{"start":{"line":6,"column":0},"end":{"line":6,"column":31}},"5":{"start":{"line":9,"column":0},"end":{"line":9,"column":52}},"6":{"start":{"line":12,"column":2},"end":{"line":172,"column":3}},"7":{"start":{"line":17,"column":2},"end":{"line":172,"column":3}},"8":{"start":{"line":18,"column":4},"end":{"line":36,"column":6}},"9":{"start":{"line":32,"column":8},"end":{"line":34,"column":11}},"10":{"start":{"line":38,"column":4},"end":{"line":66,"column":6}},"11":{"start":{"line":59,"column":22},"end":{"line":62,"column":40}},"12":{"start":{"line":64,"column":8},"end":{"line":64,"column":38}},"13":{"start":{"line":68,"column":4},"end":{"line":129,"column":6}},"14":{"start":{"line":91,"column":30},"end":{"line":91,"column":44}},"15":{"start":{"line":93,"column":22},"end":{"line":97,"column":19}},"16":{"start":{"line":99,"column":21},"end":{"line":99,"column":29}},"17":{"start":{"line":101,"column":8},"end":{"line":105,"column":9}},"18":{"start":{"line":102,"column":10},"end":{"line":104,"column":13}},"19":{"start":{"line":107,"column":8},"end":{"line":111,"column":9}},"20":{"start":{"line":108,"column":10},"end":{"line":110,"column":13}},"21":{"start":{"line":113,"column":8},"end":{"line":119,"column":45}},"22":{"start":{"line":121,"column":8},"end":{"line":125,"column":11}},"23":{"start":{"line":127,"column":8},"end":{"line":127,"column":53}},"24":{"start":{"line":131,"column":4},"end":{"line":171,"column":6}},"25":{"start":{"line":150,"column":24},"end":{"line":150,"column":36}},"26":{"start":{"line":152,"column":24},"end":{"line":152,"column":43}},"27":{"start":{"line":154,"column":26},"end":{"line":154,"column":47}},"28":{"start":{"line":156,"column":8},"end":{"line":163,"column":23}},"29":{"start":{"line":165,"column":8},"end":{"line":169,"column":11}},"30":{"start":{"line":11,"column":13},"end":{"line":11,"column":null}}},"fnMap":{"0":{"name":"(anonymous_1)","decl":{"start":{"line":12,"column":2},"end":{"line":12,"column":null}},"loc":{"start":{"line":17,"column":2},"end":{"line":172,"column":3}}},"1":{"name":"(anonymous_2)","decl":{"start":{"line":17,"column":2},"end":{"line":17,"column":3}},"loc":{"start":{"line":17,"column":10},"end":{"line":172,"column":3}}},"2":{"name":"(anonymous_3)","decl":{"start":{"line":31,"column":6},"end":{"line":31,"column":7}},"loc":{"start":{"line":31,"column":25},"end":{"line":35,"column":7}}},"3":{"name":"(anonymous_4)","decl":{"start":{"line":58,"column":6},"end":{"line":58,"column":11}},"loc":{"start":{"line":58,"column":31},"end":{"line":65,"column":7}}},"4":{"name":"(anonymous_5)","decl":{"start":{"line":90,"column":6},"end":{"line":90,"column":11}},"loc":{"start":{"line":90,"column":31},"end":{"line":128,"column":7}}},"5":{"name":"(anonymous_6)","decl":{"start":{"line":149,"column":6},"end":{"line":149,"column":11}},"loc":{"start":{"line":149,"column":31},"end":{"line":170,"column":7}}}},"branchMap":{"0":{"loc":{"start":{"line":101,"column":8},"end":{"line":105,"column":9}},"type":"if","locations":[{"start":{"line":101,"column":8},"end":{"line":105,"column":9}},{"start":{},"end":{}}]},"1":{"loc":{"start":{"line":107,"column":8},"end":{"line":111,"column":9}},"type":"if","locations":[{"start":{"line":107,"column":8},"end":{"line":111,"column":9}},{"start":{},"end":{}}]},"2":{"loc":{"start":{"line":107,"column":12},"end":{"line":107,"column":57}},"type":"binary-expr","locations":[{"start":{"line":107,"column":12},"end":{"line":107,"column":26}},{"start":{"line":107,"column":30},"end":{"line":107,"column":57}}]},"3":{"loc":{"start":{"line":124,"column":21},"end":{"line":124,"column":58}},"type":"binary-expr","locations":[{"start":{"line":124,"column":21},"end":{"line":124,"column":50}},{"start":{"line":124,"column":54},"end":{"line":124,"column":58}}]}},"s":{"0":1,"1":1,"2":1,"3":1,"4":1,"5":1,"6":1,"7":2,"8":2,"9":1,"10":2,"11":2,"12":2,"13":2,"14":5,"15":5,"16":5,"17":5,"18":1,"19":5,"20":1,"21":3,"22":3,"23":3,"24":2,"25":2,"26":2,"27":2,"28":2,"29":2,"30":1},"f":{"0":2,"1":2,"2":1,"3":2,"4":5,"5":2},"b":{"0":[1,4],"1":[1,3],"2":[5,1],"3":[3,3]}}
,"C:\\Users\\migue\\Projects\\encly\\src\\server.ts": {"path":"C:\\Users\\migue\\Projects\\encly\\src\\server.ts","statementMap":{"0":{"start":{"line":17,"column":0},"end":{"line":17,"column":16}},"1":{"start":{"line":1,"column":0},"end":{"line":1,"column":44}},"2":{"start":{"line":2,"column":0},"end":{"line":2,"column":50}},"3":{"start":{"line":3,"column":0},"end":{"line":3,"column":55}},"4":{"start":{"line":4,"column":0},"end":{"line":4,"column":34}},"5":{"start":{"line":5,"column":0},"end":{"line":5,"column":null}},"6":{"start":{"line":12,"column":0},"end":{"line":12,"column":37}},"7":{"start":{"line":15,"column":0},"end":{"line":15,"column":36}},"8":{"start":{"line":22,"column":14},"end":{"line":24,"column":40}},"9":{"start":{"line":26,"column":2},"end":{"line":26,"column":46}},"10":{"start":{"line":27,"column":2},"end":{"line":27,"column":48}},"11":{"start":{"line":29,"column":2},"end":{"line":29,"column":45}},"12":{"start":{"line":31,"column":2},"end":{"line":40,"column":5}},"13":{"start":{"line":42,"column":2},"end":{"line":44,"column":5}},"14":{"start":{"line":46,"column":2},"end":{"line":46,"column":27}},"15":{"start":{"line":48,"column":2},"end":{"line":48,"column":13}},"16":{"start":{"line":51,"column":12},"end":{"line":51,"column":24}},"17":{"start":{"line":52,"column":0},"end":{"line":52,"column":27}}},"fnMap":{"0":{"name":"buildApp","decl":{"start":{"line":17,"column":16},"end":{"line":17,"column":24}},"loc":{"start":{"line":20,"column":3},"end":{"line":49,"column":1}}}},"branchMap":{},"s":{"0":1,"1":1,"2":1,"3":1,"4":1,"5":1,"6":1,"7":1,"8":2,"9":2,"10":2,"11":2,"12":2,"13":2,"14":2,"15":2,"16":1,"17":1},"f":{"0":2},"b":{}}
,"C:\\Users\\migue\\Projects\\encly\\src\\db\\client.ts": {"path":"C:\\Users\\migue\\Projects\\encly\\src\\db\\client.ts","statementMap":{"0":{"start":{"line":1,"column":0},"end":{"line":1,"column":23}},"1":{"start":{"line":2,"column":0},"end":{"line":2,"column":52}},"2":{"start":{"line":3,"column":0},"end":{"line":3,"column":32}},"3":{"start":{"line":4,"column":0},"end":{"line":4,"column":26}},"4":{"start":{"line":6,"column":13},"end":{"line":6,"column":65}},"5":{"start":{"line":7,"column":13},"end":{"line":9,"column":3}}},"fnMap":{},"branchMap":{},"s":{"0":1,"1":1,"2":1,"3":1,"4":1,"5":1},"f":{},"b":{}}
,"C:\\Users\\migue\\Projects\\encly\\src\\db\\schema.ts": {"path":"C:\\Users\\migue\\Projects\\encly\\src\\db\\schema.ts","statementMap":{"0":{"start":{"line":1,"column":0},"end":{"line":1,"column":null}},"1":{"start":{"line":10,"column":13},"end":{"line":18,"column":3}},"2":{"start":{"line":20,"column":13},"end":{"line":26,"column":3}}},"fnMap":{},"branchMap":{},"s":{"0":1,"1":1,"2":1},"f":{},"b":{}}
,"C:\\Users\\migue\\Projects\\encly\\src\\utils\\date.ts": {"path":"C:\\Users\\migue\\Projects\\encly\\src\\utils\\date.ts","statementMap":{"0":{"start":{"line":1,"column":0},"end":{"line":1,"column":16}},"1":{"start":{"line":2,"column":14},"end":{"line":2,"column":24}},"2":{"start":{"line":3,"column":20},"end":{"line":3,"column":72}},"3":{"start":{"line":5,"column":2},"end":{"line":5,"column":19}}},"fnMap":{"0":{"name":"generateExpiresAt","decl":{"start":{"line":1,"column":16},"end":{"line":1,"column":33}},"loc":{"start":{"line":1,"column":51},"end":{"line":6,"column":1}}}},"branchMap":{"0":{"loc":{"start":{"line":1,"column":34},"end":{"line":1,"column":51}},"type":"default-arg","locations":[{"start":{"line":1,"column":49},"end":{"line":1,"column":51}}]}},"s":{"0":2,"1":4,"2":4,"3":4},"f":{"0":4},"b":{"0":[1]}}
,"C:\\Users\\migue\\Projects\\encly\\src\\utils\\url-shortener.ts": {"path":"C:\\Users\\migue\\Projects\\encly\\src\\utils\\url-shortener.ts","statementMap":{"0":{"start":{"line":1,"column":0},"end":{"line":1,"column":16}},"1":{"start":{"line":3,"column":4},"end":{"line":3,"column":68}},"2":{"start":{"line":4,"column":15},"end":{"line":4,"column":17}},"3":{"start":{"line":5,"column":2},"end":{"line":8,"column":3}},"4":{"start":{"line":5,"column":15},"end":{"line":5,"column":16}},"5":{"start":{"line":6,"column":18},"end":{"line":6,"column":58}},"6":{"start":{"line":7,"column":4},"end":{"line":7,"column":27}},"7":{"start":{"line":10,"column":2},"end":{"line":10,"column":16}}},"fnMap":{"0":{"name":"generateShortCode","decl":{"start":{"line":1,"column":16},"end":{"line":1,"column":33}},"loc":{"start":{"line":1,"column":53},"end":{"line":11,"column":1}}}},"branchMap":{"0":{"loc":{"start":{"line":1,"column":34},"end":{"line":1,"column":53}},"type":"default-arg","locations":[{"start":{"line":1,"column":51},"end":{"line":1,"column":53}}]}},"s":{"0":2,"1":7,"2":7,"3":7,"4":7,"5":75,"6":75,"7":7},"f":{"0":7},"b":{"0":[5]}}
}
