TN:
SF:src\env.ts
FNF:0
FNH:0
DA:1,1
DA:2,1
DA:4,1
DA:12,1
LF:4
LH:4
BRF:0
BRH:0
end_of_record
TN:
SF:src\routes.ts
FN:12,(anonymous_1)
FN:17,(anonymous_2)
FN:31,(anonymous_3)
FN:58,(anonymous_4)
FN:90,(anonymous_5)
FN:149,(anonymous_6)
FNF:6
FNH:6
FNDA:2,(anonymous_1)
FNDA:2,(anonymous_2)
FNDA:1,(anonymous_3)
FNDA:2,(anonymous_4)
FNDA:5,(anonymous_5)
FNDA:2,(anonymous_6)
DA:2,1
DA:3,1
DA:4,1
DA:5,1
DA:6,1
DA:9,1
DA:11,1
DA:12,1
DA:17,2
DA:18,2
DA:32,1
DA:38,2
DA:59,2
DA:64,2
DA:68,2
DA:91,5
DA:93,5
DA:99,5
DA:101,5
DA:102,1
DA:107,5
DA:108,1
DA:113,3
DA:121,3
DA:127,3
DA:131,2
DA:150,2
DA:152,2
DA:154,2
DA:156,2
DA:165,2
LF:31
LH:31
BRDA:101,0,0,1
BRDA:101,0,1,4
BRDA:107,1,0,1
BRDA:107,1,1,3
BRDA:107,2,0,5
BRDA:107,2,1,1
BRDA:124,3,0,3
BRDA:124,3,1,3
BRF:8
BRH:8
end_of_record
TN:
SF:src\server.ts
FN:17,buildApp
FNF:1
FNH:1
FNDA:2,buildApp
DA:1,1
DA:2,1
DA:3,1
DA:4,1
DA:5,1
DA:12,1
DA:15,1
DA:17,1
DA:22,2
DA:26,2
DA:27,2
DA:29,2
DA:31,2
DA:42,2
DA:46,2
DA:48,2
DA:51,1
DA:52,1
LF:18
LH:18
BRF:0
BRH:0
end_of_record
TN:
SF:src\db\client.ts
FNF:0
FNH:0
DA:1,1
DA:2,1
DA:3,1
DA:4,1
DA:6,1
DA:7,1
LF:6
LH:6
BRF:0
BRH:0
end_of_record
TN:
SF:src\db\schema.ts
FNF:0
FNH:0
DA:1,1
DA:10,1
DA:20,1
LF:3
LH:3
BRF:0
BRH:0
end_of_record
TN:
SF:src\utils\date.ts
FN:1,generateExpiresAt
FNF:1
FNH:1
FNDA:4,generateExpiresAt
DA:1,2
DA:2,4
DA:3,4
DA:5,4
LF:4
LH:4
BRDA:1,0,0,1
BRF:1
BRH:1
end_of_record
TN:
SF:src\utils\url-shortener.ts
FN:1,generateShortCode
FNF:1
FNH:1
FNDA:7,generateShortCode
DA:1,2
DA:3,7
DA:4,7
DA:5,7
DA:6,75
DA:7,75
DA:10,7
LF:7
LH:7
BRDA:1,0,0,5
BRF:1
BRH:1
end_of_record
